<?xml version="1.0" encoding="UTF-8"?>
<testng-results skipped="0" failed="0" ignored="0" total="7" passed="7">
  <reporter-output>
  </reporter-output>
  <suite name="Default suite" duration-ms="24934" started-at="2019-12-28T10:56:16Z" finished-at="2019-12-28T10:56:41Z">
    <groups>
    </groups>
    <test name="Default test" duration-ms="24934" started-at="2019-12-28T10:56:16Z" finished-at="2019-12-28T10:56:41Z">
      <class name="com.orangehrmlive.NewTestTest">
        <test-method status="PASS" signature="openbrowser()[pri:1, instance:com.orangehrmlive.NewTestTest@735b5592]" name="openbrowser" duration-ms="10256" started-at="2019-12-28T10:56:16Z" finished-at="2019-12-28T10:56:26Z">
          <reporter-output>
          </reporter-output>
        </test-method> <!-- openbrowser -->
        <test-method status="PASS" signature="logintest()[pri:2, instance:com.orangehrmlive.NewTestTest@735b5592]" name="logintest" duration-ms="1922" started-at="2019-12-28T10:56:26Z" finished-at="2019-12-28T10:56:28Z">
          <reporter-output>
          </reporter-output>
        </test-method> <!-- logintest -->
        <test-method status="PASS" signature="admintest()[pri:3, instance:com.orangehrmlive.NewTestTest@735b5592]" name="admintest" duration-ms="4817" started-at="2019-12-28T10:56:28Z" finished-at="2019-12-28T10:56:33Z">
          <reporter-output>
          </reporter-output>
        </test-method> <!-- admintest -->
        <test-method status="PASS" signature="admin()[pri:4, instance:com.orangehrmlive.NewTestTest@735b5592]" name="admin" duration-ms="32" started-at="2019-12-28T10:56:33Z" finished-at="2019-12-28T10:56:33Z">
          <reporter-output>
          </reporter-output>
        </test-method> <!-- admin -->
        <test-method status="PASS" signature="pimtest()[pri:5, instance:com.orangehrmlive.NewTestTest@735b5592]" name="pimtest" duration-ms="3549" started-at="2019-12-28T10:56:33Z" finished-at="2019-12-28T10:56:37Z">
          <reporter-output>
          </reporter-output>
        </test-method> <!-- pimtest -->
        <test-method status="PASS" signature="logout()[pri:6, instance:com.orangehrmlive.NewTestTest@735b5592]" name="logout" duration-ms="4260" started-at="2019-12-28T10:56:37Z" finished-at="2019-12-28T10:56:41Z">
          <reporter-output>
          </reporter-output>
        </test-method> <!-- logout -->
        <test-method status="PASS" signature="closebrowser()[pri:7, instance:com.orangehrmlive.NewTestTest@735b5592]" name="closebrowser" duration-ms="66" started-at="2019-12-28T10:56:41Z" finished-at="2019-12-28T10:56:41Z">
          <reporter-output>
          </reporter-output>
        </test-method> <!-- closebrowser -->
      </class> <!-- com.orangehrmlive.NewTestTest -->
    </test> <!-- Default test -->
  </suite> <!-- Default suite -->
</testng-results>
