<?xml version="1.0" encoding="UTF-8"?>
<!-- Generated by org.testng.reporters.JUnitXMLReporter -->
<testsuite hostname="DT9" ignored="0" name="Default test" tests="7" failures="0" timestamp="28 Dec 2019 10:56:41 GMT" time="24.934" errors="0">
  <testcase name="openbrowser" time="10.256" classname="com.orangehrmlive.NewTestTest"/>
  <testcase name="logintest" time="1.922" classname="com.orangehrmlive.NewTestTest"/>
  <testcase name="admintest" time="4.817" classname="com.orangehrmlive.NewTestTest"/>
  <testcase name="admin" time="0.032" classname="com.orangehrmlive.NewTestTest"/>
  <testcase name="pimtest" time="3.549" classname="com.orangehrmlive.NewTestTest"/>
  <testcase name="logout" time="4.26" classname="com.orangehrmlive.NewTestTest"/>
  <testcase name="closebrowser" time="0.066" classname="com.orangehrmlive.NewTestTest"/>
</testsuite> <!-- Default test -->
